<?xml version="1.0" encoding="UTF-8"?>
<Site BuildName="Linux-c++"
	BuildStamp="20220120-1229-Experimental"
	Name="srv-s2d16-26-01"
	Generator="ctest-2.8.12.2"
	CompilerName="/opt/rh/devtoolset-8/root/usr/bin/c++"
	OSName="Linux"
	Hostname="srv-s2d16-26-01"
	OSRelease="3.10.0-957.1.3.el7.x86_64"
	OSVersion="#1 SMP Thu Nov 29 14:49:43 UTC 2018"
	OSPlatform="x86_64"
	Is64Bits="1"
	VendorString="GenuineIntel"
	VendorID="Intel Corporation"
	FamilyID="6"
	ModelID="158"
	ProcessorCacheSize="12288"
	NumberOfLogicalCPU="12"
	NumberOfPhysicalCPU="6"
	TotalVirtualMemory="4095"
	TotalPhysicalMemory="31856"
	LogicalProcessorsPerPhysical="2"
	ProcessorClockFrequency="3400"
>
<Testing>
	<StartDateTime>Jan 20 18:36 CET</StartDateTime>
	<StartTestTime>1642700187</StartTestTime>
	<TestList>
		<Test>/cmsnfshome0/nfshome0/alokhovi/run3/brildaq-nivisa/build/TEKSCOPE</Test>
	</TestList>
	<Test Status="passed">
		<Name>TEKSCOPE</Name>
		<Path>/cmsnfshome0/nfshome0/alokhovi/run3/brildaq-nivisa/build</Path>
		<FullName>/cmsnfshome0/nfshome0/alokhovi/run3/brildaq-nivisa/build/TEKSCOPE</FullName>
		<FullCommandLine>/cmsnfshome0/nfshome0/alokhovi/run3/brildaq-nivisa/build/tekscope_devtest</FullCommandLine>
		<Results>
			<NamedMeasurement type="numeric/double" name="Execution Time"><Value>2.70048</Value></NamedMeasurement>
			<NamedMeasurement type="text/string" name="Completion Status"><Value>Completed</Value></NamedMeasurement>
			<NamedMeasurement type="text/string" name="Command Line"><Value>/cmsnfshome0/nfshome0/alokhovi/run3/brildaq-nivisa/build/tekscope_devtest</Value></NamedMeasurement>
			<Measurement>
				<Value>Running 2 test cases...
===Loop: i= 0  of 100 
===Stat: 1073676293  TEKTRONIX,MSO58LP,C022675,CF:91.1CT FV:1.26.5.7750
[NON-UTF-8-BYTE-0xDF],
===Loop: i= 1  of 100 
===Stat: 1073676293  TEKTRONIX,MSO58LP,C022675,CF:91.1CT FV:1.26.5.7750
[NON-UTF-8-BYTE-0xDF]
===Loop: i= 2  of 100 
===Stat: 1073676293  TEKTRONIX,MSO58LP,C022675,CF:91.1CT FV:1.26.5.7750

===Loop: i= 3  of 100 
===Stat: 1073676293  TEKTRONIX,MSO58LP,C022675,CF:91.1CT FV:1.26.5.7750
===Loop: i= 4  of 100 
===Stat: 1073676293  TEKTRONIX,MSO58LP,C022675,CF:91.1CT FV:1.26.5.7750
===Loop: i= 5  of 100 
===Stat: 1073676293  TEKTRONIX,MSO58LP,C022675,CF:91.1CT FV:1.26.5.7750
===Loop: i= 6  of 100 
===Stat: 1073676293  TEKTRONIX,MSO58LP,C022675,CF:91.1CT FV:1.26.5.7750
===Loop: i= 7  of 100 
===Stat: 1073676293  TEKTRONIX,MSO58LP,C022675,CF:91.1CT FV:1.26.5.7750
===Loop: i= 8  of 100 
===Stat: 1073676293  TEKTRONIX,MSO58LP,C022675,CF:91.1CT FV:1.26.5.7750
===Loop: i= 9  of 100 
===Stat: 1073676293  TEKTRONIX,MSO58LP,C022675,CF:91.1CT FV:1.26.5.7750
===Loop: i= 10  of 100 
===Stat: 1073676293 ...
The rest of the test output was removed since it exceeds the threshold of 1024 bytes.
</Value>
			</Measurement>
		</Results>
	</Test>
	<EndDateTime>Jan 20 18:36 CET</EndDateTime>
	<EndTestTime>1642700189</EndTestTime>
<ElapsedMinutes>0</ElapsedMinutes></Testing>
</Site>
